<?xml version="1.0" encoding="UTF-8"?>
<!-- Generated by org.testng.reporters.JUnitReportReporter -->
<testsuite skipped="0" hostname="amr-PC" name="Tests.TC_001" tests="1" failures="0" timestamp="26 Oct 2018 10:53:05 GMT" time="0.150" errors="0">
  <testcase name="testCase" time="0.150" classname="Tests.TC_001"/>
</testsuite> <!-- Tests.TC_001 -->
